<?xml version="1.0" encoding="UTF-8"?>
<!-- Generated by org.testng.reporters.JUnitReportReporter -->
<testsuite hostname="DESKTOP-4PKN1AN" failures="0" tests="1" name="com.tendable.testcase.TestCase1" time="14.592" errors="0" timestamp="2024-02-26T18:27:58 IST" skipped="0">
  <testcase classname="com.tendable.testcase.TestCase1" name="Test1" time="14.592"/>
</testsuite> <!-- com.tendable.testcase.TestCase1 -->
